[debug] [2022-10-09T05:22:46.047Z] ----------------------------------------------------------------------
[debug] [2022-10-09T05:22:46.049Z] Command:       C:\Program Files\nodejs\node.exe C:\Users\offic\AppData\Roaming\npm\node_modules\firebase-tools\lib\bin\firebase.js deploy
[debug] [2022-10-09T05:22:46.050Z] CLI Version:   11.14.1
[debug] [2022-10-09T05:22:46.050Z] Platform:      win32
[debug] [2022-10-09T05:22:46.050Z] Node Version:  v16.17.1
[debug] [2022-10-09T05:22:46.051Z] Time:          Sun Oct 09 2022 10:52:46 GMT+0530 (India Standard Time)
[debug] [2022-10-09T05:22:46.052Z] ----------------------------------------------------------------------
[debug] 
[debug] [2022-10-09T05:22:46.143Z] > command requires scopes: ["email","openid","https://www.googleapis.com/auth/cloudplatformprojects.readonly","https://www.googleapis.com/auth/firebase","https://www.googleapis.com/auth/cloud-platform"]
[debug] [2022-10-09T05:22:46.143Z] > authorizing via signed-in user (ayushj383@gmail.com)
[debug] [2022-10-09T05:22:46.144Z] [iam] checking project ayushjjj-17736 for permissions ["firebase.projects.get","firebasehosting.sites.update"]
[debug] [2022-10-09T05:22:46.146Z] >>> [apiv2][query] POST https://cloudresourcemanager.googleapis.com/v1/projects/ayushjjj-17736:testIamPermissions [none]
[debug] [2022-10-09T05:22:46.146Z] >>> [apiv2][(partial)header] POST https://cloudresourcemanager.googleapis.com/v1/projects/ayushjjj-17736:testIamPermissions x-goog-quota-user=projects/ayushjjj-17736
[debug] [2022-10-09T05:22:46.147Z] >>> [apiv2][body] POST https://cloudresourcemanager.googleapis.com/v1/projects/ayushjjj-17736:testIamPermissions {"permissions":["firebase.projects.get","firebasehosting.sites.update"]}
[debug] [2022-10-09T05:22:48.110Z] <<< [apiv2][status] POST https://cloudresourcemanager.googleapis.com/v1/projects/ayushjjj-17736:testIamPermissions 200
[debug] [2022-10-09T05:22:48.111Z] <<< [apiv2][body] POST https://cloudresourcemanager.googleapis.com/v1/projects/ayushjjj-17736:testIamPermissions {}
[debug] [2022-10-09T05:22:48.112Z] [iam] error while checking permissions, command may fail: FirebaseError: Authorization failed. This account is missing the following required permissions on project ayushjjj-17736:

  firebase.projects.get
  firebasehosting.sites.update
[debug] [2022-10-09T05:22:48.117Z] >>> [apiv2][query] GET https://firebase.googleapis.com/v1beta1/projects/ayushjjj-17736 [none]
[debug] [2022-10-09T05:22:49.048Z] <<< [apiv2][status] GET https://firebase.googleapis.com/v1beta1/projects/ayushjjj-17736 403
[debug] [2022-10-09T05:22:49.049Z] <<< [apiv2][body] GET https://firebase.googleapis.com/v1beta1/projects/ayushjjj-17736 {"error":{"code":403,"message":"The caller does not have permission","status":"PERMISSION_DENIED"}}
[debug] [2022-10-09T05:22:49.053Z] HTTP Error: 403, The caller does not have permission
[debug] [2022-10-09T05:22:49.350Z] FirebaseError: HTTP Error: 403, The caller does not have permission
    at responseToError (C:\Users\offic\AppData\Roaming\npm\node_modules\firebase-tools\lib\responseToError.js:49:12)
    at RetryOperation._fn (C:\Users\offic\AppData\Roaming\npm\node_modules\firebase-tools\lib\apiv2.js:288:77)
    at processTicksAndRejections (node:internal/process/task_queues:96:5)
[error] 
[error] Error: Failed to get Firebase project ayushjjj-17736. Please make sure the project exists and your account has permission to access it.
